2020-08-30 13:53:49,398:INFO:PyCaret Classification Module
2020-08-30 13:53:49,398:INFO:version 2.1
2020-08-30 13:53:49,398:INFO:Initializing setup()
2020-08-30 13:53:49,398:INFO:USI: e736
2020-08-30 13:53:49,398:INFO:setup(data=(27100, 18), target=y, train_size=0.2, sampling=True, sample_estimator=None, categorical_features=None, categorical_imputation=constant, ordinal_features=None,
                    high_cardinality_features=None, high_cardinality_method=frequency, numeric_features=None, numeric_imputation=mean, date_features=None, ignore_features=None, normalize=False,
                    normalize_method=zscore, transformation=False, transformation_method=yeo-johnson, handle_unknown_categorical=True, unknown_categorical_method=least_frequent, pca=False, pca_method=linear,
                    pca_components=None, ignore_low_variance=False, combine_rare_levels=False, rare_level_threshold=0.1, bin_numeric_features=None, remove_outliers=False, outliers_threshold=0.05,
                    remove_multicollinearity=False, multicollinearity_threshold=0.9, remove_perfect_collinearity=False, create_clusters=False, cluster_iter=20,
                    polynomial_features=False, polynomial_degree=2, trigonometry_features=False, polynomial_threshold=0.1, group_features=None,
                    group_names=None, feature_selection=False, feature_selection_threshold=0.8, feature_interaction=False, feature_ratio=False, interaction_threshold=0.01,
                    fix_imbalance=False, fix_imbalance_method=None, data_split_shuffle=True, folds_shuffle=False, n_jobs=-1, html=False, session_id=None, log_experiment=False,
                    experiment_name=None, log_plots=False, log_profile=False, log_data=False, silent=True, verbose=True, profile=False)
2020-08-30 13:53:49,399:INFO:Checking environment
2020-08-30 13:53:49,399:INFO:python_version: 3.8.3
2020-08-30 13:53:49,399:INFO:python_build: ('default', 'Jul  2 2020 17:30:36')
2020-08-30 13:53:49,399:INFO:machine: AMD64
2020-08-30 13:53:49,399:INFO:platform: Windows-10-10.0.20201-SP0
2020-08-30 13:53:49,411:INFO:Memory: svmem(total=17115365376, available=7347961856, percent=57.1, used=9767403520, free=7347961856)
2020-08-30 13:53:49,412:INFO:Physical Core: 8
2020-08-30 13:53:49,412:INFO:Logical Core: 8
2020-08-30 13:53:49,412:INFO:Checking libraries
2020-08-30 13:53:49,412:INFO:pd==0.25.3
2020-08-30 13:53:49,412:INFO:numpy==1.19.1
2020-08-30 13:53:49,768:INFO:sklearn==0.23.1
2020-08-30 13:53:50,287:INFO:xgboost==1.1.1
2020-08-30 13:53:50,304:INFO:lightgbm==3.0.0rc1
2020-08-30 13:53:50,389:INFO:catboost==0.23.2
2020-08-30 13:53:51,320:INFO:mlflow==1.10.0
2020-08-30 13:53:51,320:INFO:Checking Exceptions
2020-08-30 13:53:51,320:INFO:Preloading libraries
2020-08-30 13:53:51,320:INFO:Preparing display monitor
2020-08-30 13:53:51,323:INFO:Importing libraries
2020-08-30 13:53:51,956:INFO:Declaring global variables
2020-08-30 13:53:51,956:INFO:Copying data for preprocessing
2020-08-30 13:53:51,957:INFO:Declaring preprocessing parameters
2020-08-30 13:53:51,958:INFO:Importing preprocessing module
2020-08-30 13:53:52,305:INFO:Creating preprocessing pipeline
2020-08-30 13:53:52,740:INFO:Preprocessing pipeline created successfully
2020-08-30 13:53:52,740:ERROR:(Process Exit): setup has been interupted with user command 'quit'. setup must rerun.
2020-08-30 13:53:52,740:INFO:Creating grid variables
2020-08-30 13:53:52,747:INFO:Creating global containers
2020-08-30 13:53:52,814:INFO:create_model_container 0
2020-08-30 13:53:52,814:INFO:master_model_container 0
2020-08-30 13:53:52,814:INFO:display_container 0
2020-08-30 13:53:52,818:INFO:Pipeline(memory=None,
         steps=[('dtypes',
                 DataTypes_Auto_infer(categorical_features=[],
                                      display_types=False, features_todrop=[],
                                      ml_usecase='classification',
                                      numerical_features=[], target='y',
                                      time_features=[])),
                ('imputer',
                 Simple_Imputer(categorical_strategy='not_available',
                                numeric_strategy='mean',
                                target_variable=None)),
                ('new_levels1',
                 New_Catagorical_Levels_...
                ('group', Empty()), ('nonliner', Empty()), ('scaling', Empty()),
                ('P_transform', Empty()), ('pt_target', Empty()),
                ('binn', Empty()), ('rem_outliers', Empty()),
                ('cluster_all', Empty()), ('dummy', Dummify(target='y')),
                ('fix_perfect', Empty()), ('clean_names', Clean_Colum_Names()),
                ('feature_select', Empty()), ('fix_multi', Empty()),
                ('dfs', Empty()), ('pca', Empty())],
         verbose=False)
2020-08-30 13:53:52,818:INFO:setup() succesfully completed......................................
2020-08-30 13:54:10,653:INFO:Initializing create_model()
2020-08-30 13:54:10,653:INFO:create_model(estimator=lr, ensemble=False, method=None, fold=10, round=4, cross_validation=True, verbose=True, system=True)
2020-08-30 13:54:10,654:INFO:Checking exceptions
2020-08-30 13:54:10,654:INFO:Preloading libraries
2020-08-30 13:54:10,654:INFO:Preparing display monitor
2020-08-30 13:54:10,660:INFO:Copying training dataset
2020-08-30 13:54:10,661:INFO:Importing libraries
2020-08-30 13:54:10,661:INFO:Defining folds
2020-08-30 13:54:10,661:INFO:Declaring metric variables
2020-08-30 13:54:10,662:INFO:Importing untrained model
2020-08-30 13:54:10,662:INFO:Logistic Regression Imported succesfully
2020-08-30 13:54:10,662:INFO:Checking ensemble method
2020-08-30 13:54:10,664:INFO:Initializing Fold 1
2020-08-30 13:54:10,665:INFO:Fitting Model
2020-08-30 13:54:10,716:INFO:Evaluating Metrics
2020-08-30 13:54:10,723:INFO:Compiling Metrics
2020-08-30 13:54:10,727:INFO:Initializing Fold 2
2020-08-30 13:54:10,729:INFO:Fitting Model
2020-08-30 13:54:10,803:INFO:Evaluating Metrics
2020-08-30 13:54:10,810:INFO:Compiling Metrics
2020-08-30 13:54:10,814:INFO:Initializing Fold 3
2020-08-30 13:54:10,815:INFO:Fitting Model
2020-08-30 13:54:10,888:INFO:Evaluating Metrics
2020-08-30 13:54:10,894:INFO:Compiling Metrics
2020-08-30 13:54:10,898:INFO:Initializing Fold 4
2020-08-30 13:54:10,900:INFO:Fitting Model
2020-08-30 13:54:10,937:INFO:Evaluating Metrics
2020-08-30 13:54:10,944:INFO:Compiling Metrics
2020-08-30 13:54:10,948:INFO:Initializing Fold 5
2020-08-30 13:54:10,950:INFO:Fitting Model
2020-08-30 13:54:11,006:INFO:Evaluating Metrics
2020-08-30 13:54:11,013:INFO:Compiling Metrics
2020-08-30 13:54:11,016:INFO:Initializing Fold 6
2020-08-30 13:54:11,018:INFO:Fitting Model
2020-08-30 13:54:11,084:INFO:Evaluating Metrics
2020-08-30 13:54:11,091:INFO:Compiling Metrics
2020-08-30 13:54:11,095:INFO:Initializing Fold 7
2020-08-30 13:54:11,096:INFO:Fitting Model
2020-08-30 13:54:11,142:INFO:Evaluating Metrics
2020-08-30 13:54:11,149:INFO:Compiling Metrics
2020-08-30 13:54:11,152:INFO:Initializing Fold 8
2020-08-30 13:54:11,154:INFO:Fitting Model
2020-08-30 13:54:11,202:INFO:Evaluating Metrics
2020-08-30 13:54:11,209:INFO:Compiling Metrics
2020-08-30 13:54:11,214:INFO:Initializing Fold 9
2020-08-30 13:54:11,215:INFO:Fitting Model
2020-08-30 13:54:11,290:INFO:Evaluating Metrics
2020-08-30 13:54:11,297:INFO:Compiling Metrics
2020-08-30 13:54:11,301:INFO:Initializing Fold 10
2020-08-30 13:54:11,302:INFO:Fitting Model
2020-08-30 13:54:11,385:INFO:Evaluating Metrics
2020-08-30 13:54:11,391:INFO:Compiling Metrics
2020-08-30 13:54:11,395:INFO:Calculating mean and std
2020-08-30 13:54:11,396:INFO:Creating metrics dataframe
2020-08-30 13:54:11,398:INFO:Finalizing model
2020-08-30 13:54:11,450:INFO:Uploading results into container
2020-08-30 13:54:11,450:INFO:Uploading model into container now
2020-08-30 13:54:11,458:INFO:create_model_container: 1
2020-08-30 13:54:11,459:INFO:master_model_container: 1
2020-08-30 13:54:11,459:INFO:display_container: 1
2020-08-30 13:54:11,459:INFO:LogisticRegression(C=1.0, class_weight=None, dual=False, fit_intercept=True,
                   intercept_scaling=1, l1_ratio=None, max_iter=100,
                   multi_class='auto', n_jobs=None, penalty='l2',
                   random_state=6765, solver='lbfgs', tol=0.0001, verbose=0,
                   warm_start=False)
2020-08-30 13:54:11,459:INFO:create_model() succesfully completed......................................
2020-08-30 13:54:42,610:INFO:Initializing save_model()
2020-08-30 13:54:42,610:INFO:save_model(model=LogisticRegression(C=1.0, class_weight=None, dual=False, fit_intercept=True,
                   intercept_scaling=1, l1_ratio=None, max_iter=100,
                   multi_class='auto', n_jobs=None, penalty='l2',
                   random_state=6765, solver='lbfgs', tol=0.0001, verbose=0,
                   warm_start=False), model_name=C:\Users\toroi\Documents\pycaret_example\Experiment0\model\best_model, model_only=False, verbose=True)
2020-08-30 13:54:42,610:INFO:Adding model into prep_pipe
2020-08-30 13:54:42,618:INFO:C:\Users\toroi\Documents\pycaret_example\Experiment0\model\best_model.pkl saved in current working directory
2020-08-30 13:54:42,622:INFO:Pipeline(memory=None,
         steps=[('dtypes',
                 DataTypes_Auto_infer(categorical_features=[],
                                      display_types=False, features_todrop=[],
                                      ml_usecase='classification',
                                      numerical_features=[], target='y',
                                      time_features=[])),
                ('imputer',
                 Simple_Imputer(categorical_strategy='not_available',
                                numeric_strategy='mean',
                                target_variable=None)),
                ('new_levels1',
                 New_Catagorical_Levels_...
                ('fix_perfect', Empty()), ('clean_names', Clean_Colum_Names()),
                ('feature_select', Empty()), ('fix_multi', Empty()),
                ('dfs', Empty()), ('pca', Empty()),
                ['trained model',
                 LogisticRegression(C=1.0, class_weight=None, dual=False,
                                    fit_intercept=True, intercept_scaling=1,
                                    l1_ratio=None, max_iter=100,
                                    multi_class='auto', n_jobs=None,
                                    penalty='l2', random_state=6765,
                                    solver='lbfgs', tol=0.0001, verbose=0,
                                    warm_start=False)]],
         verbose=False)
2020-08-30 13:54:42,623:INFO:save_model() succesfully completed......................................
